2016.12.03 05:56 B C:\Users\Jaime\Documents\ACC CE\HTML Documents\2\fp\contact.html --> webtrain.austincc.edu /public_html contact.html
2016.12.03 05:56 B C:\Users\Jaime\Documents\ACC CE\HTML Documents\2\fp\Development.html --> webtrain.austincc.edu /public_html Development.html
2016.12.03 05:56 B C:\Users\Jaime\Documents\ACC CE\HTML Documents\2\fp\index.html --> webtrain.austincc.edu /public_html index.html
2016.12.03 05:56 B C:\Users\Jaime\Documents\ACC CE\HTML Documents\2\fp\main.css --> webtrain.austincc.edu /public_html main.css
2016.12.03 05:56 B C:\Users\Jaime\Documents\ACC CE\HTML Documents\2\fp\More.html --> webtrain.austincc.edu /public_html More.html
2016.12.03 05:56 B C:\Users\Jaime\Documents\ACC CE\HTML Documents\2\fp\Variants.html --> webtrain.austincc.edu /public_html Variants.html
2016.12.03 05:56 B C:\Users\Jaime\Documents\ACC CE\HTML Documents\2\fp\Variants2.html --> webtrain.austincc.edu /public_html Variants2.html
2016.12.03 05:56 B C:\Users\Jaime\Documents\ACC CE\HTML Documents\2\fp\Cessna150B2.jpg --> webtrain.austincc.edu /public_html Cessna150B2.jpg
2016.12.03 05:56 B C:\Users\Jaime\Documents\ACC CE\HTML Documents\2\fp\Cessna_150_1.jpg --> webtrain.austincc.edu /public_html Cessna_150_1.jpg
2016.12.03 05:57 B C:\Users\Jaime\Documents\ACC CE\HTML Documents\2\fp\Cessna1504.jpg --> webtrain.austincc.edu /public_html Cessna1504.jpg
2016.12.03 07:14 B C:\Users\Jaime\Documents\ACC CE\HTML Documents\2\fp\cessna-logo.png --> webtrain.austincc.edu /public_html cessna-logo.png
2016.12.03 07:14 B C:\Users\Jaime\Documents\ACC CE\HTML Documents\2\fp\Cessna1504.jpg --> webtrain.austincc.edu /public_html Cessna1504.jpg
2016.12.03 07:14 B C:\Users\Jaime\Documents\ACC CE\HTML Documents\2\fp\Cessna150B2.jpg --> webtrain.austincc.edu /public_html Cessna150B2.jpg
2016.12.03 07:14 B C:\Users\Jaime\Documents\ACC CE\HTML Documents\2\fp\Cessna_150_1.jpg --> webtrain.austincc.edu /public_html Cessna_150_1.jpg
2016.12.03 07:14 B C:\Users\Jaime\Documents\ACC CE\HTML Documents\2\fp\contact.html --> webtrain.austincc.edu /public_html contact.html
2016.12.03 07:14 B C:\Users\Jaime\Documents\ACC CE\HTML Documents\2\fp\Development.html --> webtrain.austincc.edu /public_html Development.html
2016.12.03 07:14 B C:\Users\Jaime\Documents\ACC CE\HTML Documents\2\fp\index.html --> webtrain.austincc.edu /public_html index.html
2016.12.03 07:14 B C:\Users\Jaime\Documents\ACC CE\HTML Documents\2\fp\main.css --> webtrain.austincc.edu /public_html main.css
2016.12.03 07:14 B C:\Users\Jaime\Documents\ACC CE\HTML Documents\2\fp\More.html --> webtrain.austincc.edu /public_html More.html
2016.12.03 07:14 B C:\Users\Jaime\Documents\ACC CE\HTML Documents\2\fp\Variants.html --> webtrain.austincc.edu /public_html Variants.html
2016.12.03 07:14 B C:\Users\Jaime\Documents\ACC CE\HTML Documents\2\fp\Variants2.html --> webtrain.austincc.edu /public_html Variants2.html
2016.12.03 07:41 B C:\Users\Jaime\Documents\ACC CE\HTML Documents\2\fp\contact.html --> webtrain.austincc.edu /public_html contact.html
2016.12.03 07:41 B C:\Users\Jaime\Documents\ACC CE\HTML Documents\2\fp\Development.html --> webtrain.austincc.edu /public_html Development.html
2016.12.03 07:41 B C:\Users\Jaime\Documents\ACC CE\HTML Documents\2\fp\index.html --> webtrain.austincc.edu /public_html index.html
2016.12.03 07:41 B C:\Users\Jaime\Documents\ACC CE\HTML Documents\2\fp\java.js --> webtrain.austincc.edu /public_html java.js
2016.12.03 07:41 B C:\Users\Jaime\Documents\ACC CE\HTML Documents\2\fp\main.css --> webtrain.austincc.edu /public_html main.css
2016.12.03 07:41 B C:\Users\Jaime\Documents\ACC CE\HTML Documents\2\fp\More.html --> webtrain.austincc.edu /public_html More.html
2016.12.03 07:41 B C:\Users\Jaime\Documents\ACC CE\HTML Documents\2\fp\Variants.html --> webtrain.austincc.edu /public_html Variants.html
2016.12.03 07:41 B C:\Users\Jaime\Documents\ACC CE\HTML Documents\2\fp\Variants2.html --> webtrain.austincc.edu /public_html Variants2.html
2016.12.03 07:44 B C:\Users\Jaime\Documents\ACC CE\HTML Documents\2\fp\contact.html --> webtrain.austincc.edu /public_html contact.html
2016.12.03 07:44 B C:\Users\Jaime\Documents\ACC CE\HTML Documents\2\fp\Development.html --> webtrain.austincc.edu /public_html Development.html
2016.12.03 07:44 B C:\Users\Jaime\Documents\ACC CE\HTML Documents\2\fp\index.html --> webtrain.austincc.edu /public_html index.html
2016.12.03 07:44 B C:\Users\Jaime\Documents\ACC CE\HTML Documents\2\fp\java.js --> webtrain.austincc.edu /public_html java.js
2016.12.03 07:44 B C:\Users\Jaime\Documents\ACC CE\HTML Documents\2\fp\main.css --> webtrain.austincc.edu /public_html main.css
2016.12.03 07:44 B C:\Users\Jaime\Documents\ACC CE\HTML Documents\2\fp\More.html --> webtrain.austincc.edu /public_html More.html
2016.12.03 07:44 B C:\Users\Jaime\Documents\ACC CE\HTML Documents\2\fp\Variants.html --> webtrain.austincc.edu /public_html Variants.html
2016.12.03 07:44 B C:\Users\Jaime\Documents\ACC CE\HTML Documents\2\fp\Variants2.html --> webtrain.austincc.edu /public_html Variants2.html
2016.12.03 07:53 B C:\Users\Jaime\Documents\ACC CE\HTML Documents\2\fp\More.html --> webtrain.austincc.edu /public_html More.html
2016.12.03 07:53 B C:\Users\Jaime\Documents\ACC CE\HTML Documents\2\fp\Variants.html --> webtrain.austincc.edu /public_html Variants.html
2016.12.03 07:53 B C:\Users\Jaime\Documents\ACC CE\HTML Documents\2\fp\Variants2.html --> webtrain.austincc.edu /public_html Variants2.html
2016.12.03 07:55 B C:\Users\Jaime\Documents\ACC CE\HTML Documents\2\fp\More.html --> webtrain.austincc.edu /public_html More.html
2016.12.03 07:55 B C:\Users\Jaime\Documents\ACC CE\HTML Documents\2\fp\Variants.html --> webtrain.austincc.edu /public_html Variants.html
2016.12.03 07:55 B C:\Users\Jaime\Documents\ACC CE\HTML Documents\2\fp\Variants2.html --> webtrain.austincc.edu /public_html Variants2.html
2016.12.03 08:02 B C:\Users\Jaime\Documents\ACC CE\HTML Documents\2\fp\main.css --> webtrain.austincc.edu /public_html main.css
2016.12.03 08:06 B C:\Users\Jaime\Documents\ACC CE\HTML Documents\2\fp\contact.html --> webtrain.austincc.edu /public_html contact.html
